2016-03-07T16:01:15.147+0300 [initandlisten] MongoDB starting : pid=5495 port=27017 dbpath=/home/hoofoo/projects/metatracker/dev/mongo 64-bit host=hoofoo-EasyNote-TV44HC
2016-03-07T16:01:15.147+0300 [initandlisten] db version v2.6.10
2016-03-07T16:01:15.147+0300 [initandlisten] git version: nogitversion
2016-03-07T16:01:15.147+0300 [initandlisten] OpenSSL version: OpenSSL 1.0.2d 9 Jul 2015
2016-03-07T16:01:15.147+0300 [initandlisten] build info: Linux lgw01-12 3.19.0-25-generic #26~14.04.1-Ubuntu SMP Fri Jul 24 21:16:20 UTC 2015 x86_64 BOOST_LIB_VERSION=1_58
2016-03-07T16:01:15.147+0300 [initandlisten] allocator: tcmalloc
2016-03-07T16:01:15.147+0300 [initandlisten] options: { config: "/home/hoofoo/projects/metatracker/mongo.conf", net: { bindIp: "127.0.0.1" }, storage: { dbPath: "/home/hoofoo/projects/metatracker/dev/mongo" }, systemLog: { destination: "file", logAppend: true, path: "mongo.log" } }
2016-03-07T16:01:15.185+0300 [initandlisten] journal dir=/home/hoofoo/projects/metatracker/dev/mongo/journal
2016-03-07T16:01:15.186+0300 [initandlisten] recover : no journal files present, no recovery needed
2016-03-07T16:01:15.311+0300 [initandlisten] waiting for connections on port 27017
2016-03-07T16:02:15.309+0300 [clientcursormon] mem (MB) res:50 virt:379
2016-03-07T16:02:15.309+0300 [clientcursormon]  mapped (incl journal view):160
2016-03-07T16:02:15.309+0300 [clientcursormon]  connections:0
2016-03-07T16:06:03.955+0300 [initandlisten] connection accepted from 127.0.0.1:49048 #1 (1 connection now open)
2016-03-07T16:06:03.957+0300 [conn1] end connection 127.0.0.1:49048 (0 connections now open)
2016-03-07T16:06:38.798+0300 [initandlisten] connection accepted from 127.0.0.1:49050 #2 (1 connection now open)
2016-03-07T16:06:38.799+0300 [conn2] end connection 127.0.0.1:49050 (0 connections now open)
2016-03-07T16:07:15.321+0300 [clientcursormon] mem (MB) res:50 virt:380
2016-03-07T16:07:15.321+0300 [clientcursormon]  mapped (incl journal view):160
2016-03-07T16:07:15.321+0300 [clientcursormon]  connections:0
2016-03-07T16:12:15.332+0300 [clientcursormon] mem (MB) res:51 virt:380
2016-03-07T16:12:15.333+0300 [clientcursormon]  mapped (incl journal view):160
2016-03-07T16:12:15.333+0300 [clientcursormon]  connections:0
2016-03-07T16:14:20.390+0300 [initandlisten] connection accepted from 127.0.0.1:49136 #3 (1 connection now open)
2016-03-07T16:14:20.391+0300 [conn3] end connection 127.0.0.1:49136 (0 connections now open)
2016-03-07T16:17:15.343+0300 [clientcursormon] mem (MB) res:51 virt:380
2016-03-07T16:17:15.343+0300 [clientcursormon]  mapped (incl journal view):160
2016-03-07T16:17:15.343+0300 [clientcursormon]  connections:0
2016-03-07T16:22:15.354+0300 [clientcursormon] mem (MB) res:51 virt:380
2016-03-07T16:22:15.354+0300 [clientcursormon]  mapped (incl journal view):160
2016-03-07T16:22:15.354+0300 [clientcursormon]  connections:0
2016-03-07T16:27:15.365+0300 [clientcursormon] mem (MB) res:51 virt:380
2016-03-07T16:27:15.365+0300 [clientcursormon]  mapped (incl journal view):160
2016-03-07T16:27:15.365+0300 [clientcursormon]  connections:0
2016-03-07T16:32:15.383+0300 [clientcursormon] mem (MB) res:51 virt:380
2016-03-07T16:32:15.383+0300 [clientcursormon]  mapped (incl journal view):160
2016-03-07T16:32:15.383+0300 [clientcursormon]  connections:0
2016-03-07T16:37:15.402+0300 [clientcursormon] mem (MB) res:51 virt:380
2016-03-07T16:37:15.402+0300 [clientcursormon]  mapped (incl journal view):160
2016-03-07T16:37:15.402+0300 [clientcursormon]  connections:0
2016-03-07T16:42:15.413+0300 [clientcursormon] mem (MB) res:51 virt:380
2016-03-07T16:42:15.413+0300 [clientcursormon]  mapped (incl journal view):160
2016-03-07T16:42:15.413+0300 [clientcursormon]  connections:0
2016-03-07T16:47:15.425+0300 [clientcursormon] mem (MB) res:51 virt:380
2016-03-07T16:47:15.425+0300 [clientcursormon]  mapped (incl journal view):160
2016-03-07T16:47:15.425+0300 [clientcursormon]  connections:0
2016-03-07T16:47:16.961+0300 [initandlisten] connection accepted from 127.0.0.1:49426 #4 (1 connection now open)
2016-03-07T16:47:16.963+0300 [conn4] end connection 127.0.0.1:49426 (0 connections now open)
2016-03-07T16:52:15.436+0300 [clientcursormon] mem (MB) res:51 virt:380
2016-03-07T16:52:15.436+0300 [clientcursormon]  mapped (incl journal view):160
2016-03-07T16:52:15.437+0300 [clientcursormon]  connections:0
2016-03-07T16:57:15.447+0300 [clientcursormon] mem (MB) res:51 virt:380
2016-03-07T16:57:15.447+0300 [clientcursormon]  mapped (incl journal view):160
2016-03-07T16:57:15.447+0300 [clientcursormon]  connections:0
2016-03-07T17:02:15.460+0300 [clientcursormon] mem (MB) res:51 virt:380
2016-03-07T17:02:15.460+0300 [clientcursormon]  mapped (incl journal view):160
2016-03-07T17:02:15.460+0300 [clientcursormon]  connections:0
2016-03-07T17:07:15.468+0300 [clientcursormon] mem (MB) res:51 virt:380
2016-03-07T17:07:15.469+0300 [clientcursormon]  mapped (incl journal view):160
2016-03-07T17:07:15.469+0300 [clientcursormon]  connections:0
2016-03-07T17:12:15.478+0300 [clientcursormon] mem (MB) res:51 virt:380
2016-03-07T17:12:15.478+0300 [clientcursormon]  mapped (incl journal view):160
2016-03-07T17:12:15.478+0300 [clientcursormon]  connections:0
2016-03-07T17:17:15.488+0300 [clientcursormon] mem (MB) res:51 virt:380
2016-03-07T17:17:15.488+0300 [clientcursormon]  mapped (incl journal view):160
2016-03-07T17:17:15.488+0300 [clientcursormon]  connections:0
2016-03-07T17:22:15.498+0300 [clientcursormon] mem (MB) res:51 virt:380
2016-03-07T17:22:15.498+0300 [clientcursormon]  mapped (incl journal view):160
2016-03-07T17:22:15.498+0300 [clientcursormon]  connections:0
2016-03-07T17:27:15.508+0300 [clientcursormon] mem (MB) res:51 virt:380
2016-03-07T17:27:15.508+0300 [clientcursormon]  mapped (incl journal view):160
2016-03-07T17:27:15.508+0300 [clientcursormon]  connections:0
2016-03-07T17:32:15.520+0300 [clientcursormon] mem (MB) res:51 virt:380
2016-03-07T17:32:15.520+0300 [clientcursormon]  mapped (incl journal view):160
2016-03-07T17:32:15.520+0300 [clientcursormon]  connections:0
2016-03-07T17:37:15.531+0300 [clientcursormon] mem (MB) res:51 virt:380
2016-03-07T17:37:15.531+0300 [clientcursormon]  mapped (incl journal view):160
2016-03-07T17:37:15.532+0300 [clientcursormon]  connections:0
2016-03-07T17:42:15.545+0300 [clientcursormon] mem (MB) res:51 virt:380
2016-03-07T17:42:15.545+0300 [clientcursormon]  mapped (incl journal view):160
2016-03-07T17:42:15.545+0300 [clientcursormon]  connections:0
2016-03-07T17:47:15.559+0300 [clientcursormon] mem (MB) res:51 virt:380
2016-03-07T17:47:15.559+0300 [clientcursormon]  mapped (incl journal view):160
2016-03-07T17:47:15.559+0300 [clientcursormon]  connections:0
2016-03-07T17:52:15.574+0300 [clientcursormon] mem (MB) res:51 virt:380
2016-03-07T17:52:15.574+0300 [clientcursormon]  mapped (incl journal view):160
2016-03-07T17:52:15.574+0300 [clientcursormon]  connections:0
2016-03-07T17:57:15.585+0300 [clientcursormon] mem (MB) res:51 virt:380
2016-03-07T17:57:15.585+0300 [clientcursormon]  mapped (incl journal view):160
2016-03-07T17:57:15.585+0300 [clientcursormon]  connections:0
2016-03-07T18:02:15.599+0300 [clientcursormon] mem (MB) res:51 virt:380
2016-03-07T18:02:15.599+0300 [clientcursormon]  mapped (incl journal view):160
2016-03-07T18:02:15.599+0300 [clientcursormon]  connections:0
2016-03-07T18:07:15.611+0300 [clientcursormon] mem (MB) res:51 virt:380
2016-03-07T18:07:15.611+0300 [clientcursormon]  mapped (incl journal view):160
2016-03-07T18:07:15.611+0300 [clientcursormon]  connections:0
2016-03-07T18:12:15.624+0300 [clientcursormon] mem (MB) res:51 virt:380
2016-03-07T18:12:15.624+0300 [clientcursormon]  mapped (incl journal view):160
2016-03-07T18:12:15.624+0300 [clientcursormon]  connections:0
2016-03-07T18:17:15.636+0300 [clientcursormon] mem (MB) res:51 virt:380
2016-03-07T18:17:15.636+0300 [clientcursormon]  mapped (incl journal view):160
2016-03-07T18:17:15.636+0300 [clientcursormon]  connections:0
2016-03-07T18:22:15.648+0300 [clientcursormon] mem (MB) res:51 virt:380
2016-03-07T18:22:15.648+0300 [clientcursormon]  mapped (incl journal view):160
2016-03-07T18:22:15.648+0300 [clientcursormon]  connections:0
2016-03-07T18:27:15.663+0300 [clientcursormon] mem (MB) res:51 virt:380
2016-03-07T18:27:15.663+0300 [clientcursormon]  mapped (incl journal view):160
2016-03-07T18:27:15.663+0300 [clientcursormon]  connections:0
2016-03-07T18:32:15.675+0300 [clientcursormon] mem (MB) res:51 virt:380
2016-03-07T18:32:15.675+0300 [clientcursormon]  mapped (incl journal view):160
2016-03-07T18:32:15.675+0300 [clientcursormon]  connections:0
2016-03-07T18:37:15.688+0300 [clientcursormon] mem (MB) res:51 virt:380
2016-03-07T18:37:15.688+0300 [clientcursormon]  mapped (incl journal view):160
2016-03-07T18:37:15.688+0300 [clientcursormon]  connections:0
2016-03-07T18:42:15.700+0300 [clientcursormon] mem (MB) res:51 virt:380
2016-03-07T18:42:15.700+0300 [clientcursormon]  mapped (incl journal view):160
2016-03-07T18:42:15.700+0300 [clientcursormon]  connections:0
2016-03-07T18:47:15.713+0300 [clientcursormon] mem (MB) res:51 virt:380
2016-03-07T18:47:15.713+0300 [clientcursormon]  mapped (incl journal view):160
2016-03-07T18:47:15.713+0300 [clientcursormon]  connections:0
2016-03-07T18:52:15.724+0300 [clientcursormon] mem (MB) res:51 virt:380
2016-03-07T18:52:15.725+0300 [clientcursormon]  mapped (incl journal view):160
2016-03-07T18:52:15.725+0300 [clientcursormon]  connections:0
2016-03-07T18:57:15.737+0300 [clientcursormon] mem (MB) res:51 virt:380
2016-03-07T18:57:15.737+0300 [clientcursormon]  mapped (incl journal view):160
2016-03-07T18:57:15.737+0300 [clientcursormon]  connections:0
2016-03-07T19:02:15.750+0300 [clientcursormon] mem (MB) res:51 virt:380
2016-03-07T19:02:15.750+0300 [clientcursormon]  mapped (incl journal view):160
2016-03-07T19:02:15.750+0300 [clientcursormon]  connections:0
2016-03-07T19:07:15.763+0300 [clientcursormon] mem (MB) res:51 virt:380
2016-03-07T19:07:15.763+0300 [clientcursormon]  mapped (incl journal view):160
2016-03-07T19:07:15.763+0300 [clientcursormon]  connections:0
2016-03-07T19:12:15.775+0300 [clientcursormon] mem (MB) res:51 virt:380
2016-03-07T19:12:15.775+0300 [clientcursormon]  mapped (incl journal view):160
2016-03-07T19:12:15.775+0300 [clientcursormon]  connections:0
2016-03-07T19:17:15.787+0300 [clientcursormon] mem (MB) res:51 virt:380
2016-03-07T19:17:15.787+0300 [clientcursormon]  mapped (incl journal view):160
2016-03-07T19:17:15.787+0300 [clientcursormon]  connections:0
2016-03-07T19:22:15.799+0300 [clientcursormon] mem (MB) res:51 virt:380
2016-03-07T19:22:15.799+0300 [clientcursormon]  mapped (incl journal view):160
2016-03-07T19:22:15.799+0300 [clientcursormon]  connections:0
2016-03-07T19:27:15.811+0300 [clientcursormon] mem (MB) res:51 virt:380
2016-03-07T19:27:15.811+0300 [clientcursormon]  mapped (incl journal view):160
2016-03-07T19:27:15.811+0300 [clientcursormon]  connections:0
2016-03-07T19:32:15.825+0300 [clientcursormon] mem (MB) res:51 virt:380
2016-03-07T19:32:15.825+0300 [clientcursormon]  mapped (incl journal view):160
2016-03-07T19:32:15.825+0300 [clientcursormon]  connections:0
2016-03-07T19:37:15.838+0300 [clientcursormon] mem (MB) res:51 virt:380
2016-03-07T19:37:15.838+0300 [clientcursormon]  mapped (incl journal view):160
2016-03-07T19:37:15.838+0300 [clientcursormon]  connections:0
2016-03-07T19:42:15.850+0300 [clientcursormon] mem (MB) res:51 virt:380
2016-03-07T19:42:15.850+0300 [clientcursormon]  mapped (incl journal view):160
2016-03-07T19:42:15.850+0300 [clientcursormon]  connections:0
2016-03-07T19:47:15.865+0300 [clientcursormon] mem (MB) res:51 virt:380
2016-03-07T19:47:15.865+0300 [clientcursormon]  mapped (incl journal view):160
2016-03-07T19:47:15.865+0300 [clientcursormon]  connections:0
2016-03-07T19:52:15.879+0300 [clientcursormon] mem (MB) res:51 virt:380
2016-03-07T19:52:15.879+0300 [clientcursormon]  mapped (incl journal view):160
2016-03-07T19:52:15.879+0300 [clientcursormon]  connections:0
2016-03-07T19:57:15.891+0300 [clientcursormon] mem (MB) res:51 virt:380
2016-03-07T19:57:15.892+0300 [clientcursormon]  mapped (incl journal view):160
2016-03-07T19:57:15.892+0300 [clientcursormon]  connections:0
2016-03-07T20:02:15.904+0300 [clientcursormon] mem (MB) res:51 virt:380
2016-03-07T20:02:15.905+0300 [clientcursormon]  mapped (incl journal view):160
2016-03-07T20:02:15.905+0300 [clientcursormon]  connections:0
2016-03-07T20:07:15.916+0300 [clientcursormon] mem (MB) res:51 virt:380
2016-03-07T20:07:15.917+0300 [clientcursormon]  mapped (incl journal view):160
2016-03-07T20:07:15.917+0300 [clientcursormon]  connections:0
2016-03-07T20:12:15.929+0300 [clientcursormon] mem (MB) res:51 virt:380
2016-03-07T20:12:15.929+0300 [clientcursormon]  mapped (incl journal view):160
2016-03-07T20:12:15.929+0300 [clientcursormon]  connections:0
2016-03-07T20:17:15.941+0300 [clientcursormon] mem (MB) res:51 virt:380
2016-03-07T20:17:15.941+0300 [clientcursormon]  mapped (incl journal view):160
2016-03-07T20:17:15.941+0300 [clientcursormon]  connections:0
2016-03-07T20:22:15.953+0300 [clientcursormon] mem (MB) res:51 virt:380
2016-03-07T20:22:15.953+0300 [clientcursormon]  mapped (incl journal view):160
2016-03-07T20:22:15.953+0300 [clientcursormon]  connections:0
2016-03-07T20:27:15.966+0300 [clientcursormon] mem (MB) res:51 virt:380
2016-03-07T20:27:15.966+0300 [clientcursormon]  mapped (incl journal view):160
2016-03-07T20:27:15.966+0300 [clientcursormon]  connections:0
2016-03-07T20:32:15.978+0300 [clientcursormon] mem (MB) res:51 virt:380
2016-03-07T20:32:15.978+0300 [clientcursormon]  mapped (incl journal view):160
2016-03-07T20:32:15.978+0300 [clientcursormon]  connections:0
2016-03-07T20:37:15.990+0300 [clientcursormon] mem (MB) res:51 virt:380
2016-03-07T20:37:15.990+0300 [clientcursormon]  mapped (incl journal view):160
2016-03-07T20:37:15.990+0300 [clientcursormon]  connections:0
2016-03-07T20:42:16.001+0300 [clientcursormon] mem (MB) res:51 virt:380
2016-03-07T20:42:16.001+0300 [clientcursormon]  mapped (incl journal view):160
2016-03-07T20:42:16.001+0300 [clientcursormon]  connections:0
2016-03-07T20:47:16.111+0300 [clientcursormon] mem (MB) res:50 virt:380
2016-03-07T20:47:16.111+0300 [clientcursormon]  mapped (incl journal view):160
2016-03-07T20:47:16.112+0300 [clientcursormon]  connections:0
2016-03-07T20:52:16.137+0300 [clientcursormon] mem (MB) res:50 virt:380
2016-03-07T20:52:16.137+0300 [clientcursormon]  mapped (incl journal view):160
2016-03-07T20:52:16.137+0300 [clientcursormon]  connections:0
2016-03-07T20:57:16.146+0300 [clientcursormon] mem (MB) res:50 virt:380
2016-03-07T20:57:16.146+0300 [clientcursormon]  mapped (incl journal view):160
2016-03-07T20:57:16.146+0300 [clientcursormon]  connections:0
2016-03-07T21:02:16.154+0300 [clientcursormon] mem (MB) res:50 virt:380
2016-03-07T21:02:16.154+0300 [clientcursormon]  mapped (incl journal view):160
2016-03-07T21:02:16.154+0300 [clientcursormon]  connections:0
2016-03-07T21:07:16.165+0300 [clientcursormon] mem (MB) res:50 virt:380
2016-03-07T21:07:16.166+0300 [clientcursormon]  mapped (incl journal view):160
2016-03-07T21:07:16.166+0300 [clientcursormon]  connections:0
2016-03-07T21:12:16.177+0300 [clientcursormon] mem (MB) res:50 virt:380
2016-03-07T21:12:16.177+0300 [clientcursormon]  mapped (incl journal view):160
2016-03-07T21:12:16.177+0300 [clientcursormon]  connections:0
2016-03-07T21:17:16.193+0300 [clientcursormon] mem (MB) res:50 virt:380
2016-03-07T21:17:16.193+0300 [clientcursormon]  mapped (incl journal view):160
2016-03-07T21:17:16.193+0300 [clientcursormon]  connections:0
2016-03-07T21:22:16.205+0300 [clientcursormon] mem (MB) res:50 virt:380
2016-03-07T21:22:16.205+0300 [clientcursormon]  mapped (incl journal view):160
2016-03-07T21:22:16.205+0300 [clientcursormon]  connections:0
2016-03-07T21:27:16.219+0300 [clientcursormon] mem (MB) res:50 virt:380
2016-03-07T21:27:16.219+0300 [clientcursormon]  mapped (incl journal view):160
2016-03-07T21:27:16.219+0300 [clientcursormon]  connections:0
2016-03-07T21:32:16.233+0300 [clientcursormon] mem (MB) res:50 virt:380
2016-03-07T21:32:16.233+0300 [clientcursormon]  mapped (incl journal view):160
2016-03-07T21:32:16.233+0300 [clientcursormon]  connections:0
2016-03-07T21:37:16.245+0300 [clientcursormon] mem (MB) res:50 virt:380
2016-03-07T21:37:16.245+0300 [clientcursormon]  mapped (incl journal view):160
2016-03-07T21:37:16.245+0300 [clientcursormon]  connections:0
2016-03-07T21:42:16.258+0300 [clientcursormon] mem (MB) res:45 virt:380
2016-03-07T21:42:16.259+0300 [clientcursormon]  mapped (incl journal view):160
2016-03-07T21:42:16.259+0300 [clientcursormon]  connections:0
2016-03-07T21:47:16.270+0300 [clientcursormon] mem (MB) res:45 virt:380
2016-03-07T21:47:16.270+0300 [clientcursormon]  mapped (incl journal view):160
2016-03-07T21:47:16.270+0300 [clientcursormon]  connections:0
2016-03-07T21:52:16.281+0300 [clientcursormon] mem (MB) res:45 virt:380
2016-03-07T21:52:16.281+0300 [clientcursormon]  mapped (incl journal view):160
2016-03-07T21:52:16.281+0300 [clientcursormon]  connections:0
2016-03-07T21:57:16.293+0300 [clientcursormon] mem (MB) res:45 virt:380
2016-03-07T21:57:16.293+0300 [clientcursormon]  mapped (incl journal view):160
2016-03-07T21:57:16.293+0300 [clientcursormon]  connections:0
2016-03-07T22:02:16.305+0300 [clientcursormon] mem (MB) res:44 virt:380
2016-03-07T22:02:16.305+0300 [clientcursormon]  mapped (incl journal view):160
2016-03-07T22:02:16.305+0300 [clientcursormon]  connections:0
2016-03-07T22:07:16.317+0300 [clientcursormon] mem (MB) res:44 virt:380
2016-03-07T22:07:16.317+0300 [clientcursormon]  mapped (incl journal view):160
2016-03-07T22:07:16.317+0300 [clientcursormon]  connections:0
2016-03-07T22:12:16.330+0300 [clientcursormon] mem (MB) res:44 virt:380
2016-03-07T22:12:16.330+0300 [clientcursormon]  mapped (incl journal view):160
2016-03-07T22:12:16.330+0300 [clientcursormon]  connections:0
2016-03-07T22:17:16.343+0300 [clientcursormon] mem (MB) res:44 virt:380
2016-03-07T22:17:16.343+0300 [clientcursormon]  mapped (incl journal view):160
2016-03-07T22:17:16.343+0300 [clientcursormon]  connections:0
2016-03-07T22:22:16.356+0300 [clientcursormon] mem (MB) res:44 virt:380
2016-03-07T22:22:16.356+0300 [clientcursormon]  mapped (incl journal view):160
2016-03-07T22:22:16.356+0300 [clientcursormon]  connections:0
2016-03-07T22:27:16.368+0300 [clientcursormon] mem (MB) res:44 virt:380
2016-03-07T22:27:16.368+0300 [clientcursormon]  mapped (incl journal view):160
2016-03-07T22:27:16.368+0300 [clientcursormon]  connections:0
2016-03-07T22:32:16.381+0300 [clientcursormon] mem (MB) res:44 virt:380
2016-03-07T22:32:16.381+0300 [clientcursormon]  mapped (incl journal view):160
2016-03-07T22:32:16.381+0300 [clientcursormon]  connections:0
2016-03-07T22:37:16.392+0300 [clientcursormon] mem (MB) res:44 virt:380
2016-03-07T22:37:16.393+0300 [clientcursormon]  mapped (incl journal view):160
2016-03-07T22:37:16.393+0300 [clientcursormon]  connections:0
2016-03-07T22:42:16.403+0300 [clientcursormon] mem (MB) res:44 virt:380
2016-03-07T22:42:16.403+0300 [clientcursormon]  mapped (incl journal view):160
2016-03-07T22:42:16.403+0300 [clientcursormon]  connections:0
2016-03-07T22:47:16.415+0300 [clientcursormon] mem (MB) res:44 virt:380
2016-03-07T22:47:16.415+0300 [clientcursormon]  mapped (incl journal view):160
2016-03-07T22:47:16.415+0300 [clientcursormon]  connections:0
2016-03-07T22:52:16.428+0300 [clientcursormon] mem (MB) res:44 virt:380
2016-03-07T22:52:16.428+0300 [clientcursormon]  mapped (incl journal view):160
2016-03-07T22:52:16.428+0300 [clientcursormon]  connections:0
2016-03-07T22:57:16.441+0300 [clientcursormon] mem (MB) res:44 virt:380
2016-03-07T22:57:16.441+0300 [clientcursormon]  mapped (incl journal view):160
2016-03-07T22:57:16.441+0300 [clientcursormon]  connections:0
2016-03-07T23:02:16.453+0300 [clientcursormon] mem (MB) res:44 virt:380
2016-03-07T23:02:16.453+0300 [clientcursormon]  mapped (incl journal view):160
2016-03-07T23:02:16.453+0300 [clientcursormon]  connections:0
2016-03-07T23:07:16.465+0300 [clientcursormon] mem (MB) res:44 virt:380
2016-03-07T23:07:16.465+0300 [clientcursormon]  mapped (incl journal view):160
2016-03-07T23:07:16.465+0300 [clientcursormon]  connections:0
2016-03-07T23:12:16.476+0300 [clientcursormon] mem (MB) res:44 virt:380
2016-03-07T23:12:16.476+0300 [clientcursormon]  mapped (incl journal view):160
2016-03-07T23:12:16.477+0300 [clientcursormon]  connections:0
2016-03-07T23:17:16.489+0300 [clientcursormon] mem (MB) res:44 virt:380
2016-03-07T23:17:16.489+0300 [clientcursormon]  mapped (incl journal view):160
2016-03-07T23:17:16.489+0300 [clientcursormon]  connections:0
2016-03-07T23:22:16.501+0300 [clientcursormon] mem (MB) res:44 virt:380
2016-03-07T23:22:16.501+0300 [clientcursormon]  mapped (incl journal view):160
2016-03-07T23:22:16.501+0300 [clientcursormon]  connections:0
2016-03-07T23:27:16.514+0300 [clientcursormon] mem (MB) res:44 virt:380
2016-03-07T23:27:16.514+0300 [clientcursormon]  mapped (incl journal view):160
2016-03-07T23:27:16.514+0300 [clientcursormon]  connections:0
2016-03-07T23:32:16.526+0300 [clientcursormon] mem (MB) res:44 virt:380
2016-03-07T23:32:16.526+0300 [clientcursormon]  mapped (incl journal view):160
2016-03-07T23:32:16.526+0300 [clientcursormon]  connections:0
2016-03-07T23:37:16.539+0300 [clientcursormon] mem (MB) res:44 virt:380
2016-03-07T23:37:16.539+0300 [clientcursormon]  mapped (incl journal view):160
2016-03-07T23:37:16.539+0300 [clientcursormon]  connections:0
2016-03-07T23:42:16.554+0300 [clientcursormon] mem (MB) res:44 virt:380
2016-03-07T23:42:16.554+0300 [clientcursormon]  mapped (incl journal view):160
2016-03-07T23:42:16.554+0300 [clientcursormon]  connections:0
2016-03-07T23:47:16.565+0300 [clientcursormon] mem (MB) res:44 virt:380
2016-03-07T23:47:16.565+0300 [clientcursormon]  mapped (incl journal view):160
2016-03-07T23:47:16.565+0300 [clientcursormon]  connections:0
2016-03-07T23:52:16.578+0300 [clientcursormon] mem (MB) res:44 virt:380
2016-03-07T23:52:16.578+0300 [clientcursormon]  mapped (incl journal view):160
2016-03-07T23:52:16.578+0300 [clientcursormon]  connections:0
2016-03-07T23:57:16.591+0300 [clientcursormon] mem (MB) res:44 virt:380
2016-03-07T23:57:16.591+0300 [clientcursormon]  mapped (incl journal view):160
2016-03-07T23:57:16.591+0300 [clientcursormon]  connections:0
2016-03-08T00:02:16.604+0300 [clientcursormon] mem (MB) res:44 virt:380
2016-03-08T00:02:16.604+0300 [clientcursormon]  mapped (incl journal view):160
2016-03-08T00:02:16.604+0300 [clientcursormon]  connections:0
2016-03-08T00:07:16.616+0300 [clientcursormon] mem (MB) res:44 virt:380
2016-03-08T00:07:16.616+0300 [clientcursormon]  mapped (incl journal view):160
2016-03-08T00:07:16.616+0300 [clientcursormon]  connections:0
2016-03-08T00:12:16.629+0300 [clientcursormon] mem (MB) res:44 virt:380
2016-03-08T00:12:16.629+0300 [clientcursormon]  mapped (incl journal view):160
2016-03-08T00:12:16.629+0300 [clientcursormon]  connections:0
2016-03-08T00:17:16.641+0300 [clientcursormon] mem (MB) res:44 virt:380
2016-03-08T00:17:16.641+0300 [clientcursormon]  mapped (incl journal view):160
2016-03-08T00:17:16.641+0300 [clientcursormon]  connections:0
2016-03-08T00:22:16.652+0300 [clientcursormon] mem (MB) res:44 virt:380
2016-03-08T00:22:16.652+0300 [clientcursormon]  mapped (incl journal view):160
2016-03-08T00:22:16.653+0300 [clientcursormon]  connections:0
2016-03-08T00:27:16.665+0300 [clientcursormon] mem (MB) res:44 virt:380
2016-03-08T00:27:16.665+0300 [clientcursormon]  mapped (incl journal view):160
2016-03-08T00:27:16.665+0300 [clientcursormon]  connections:0
2016-03-08T00:32:16.678+0300 [clientcursormon] mem (MB) res:44 virt:380
2016-03-08T00:32:16.678+0300 [clientcursormon]  mapped (incl journal view):160
2016-03-08T00:32:16.678+0300 [clientcursormon]  connections:0
2016-03-08T00:37:16.691+0300 [clientcursormon] mem (MB) res:44 virt:380
2016-03-08T00:37:16.691+0300 [clientcursormon]  mapped (incl journal view):160
2016-03-08T00:37:16.691+0300 [clientcursormon]  connections:0
2016-03-08T00:42:16.704+0300 [clientcursormon] mem (MB) res:44 virt:380
2016-03-08T00:42:16.705+0300 [clientcursormon]  mapped (incl journal view):160
2016-03-08T00:42:16.705+0300 [clientcursormon]  connections:0
2016-03-08T00:47:16.716+0300 [clientcursormon] mem (MB) res:44 virt:380
2016-03-08T00:47:16.716+0300 [clientcursormon]  mapped (incl journal view):160
2016-03-08T00:47:16.716+0300 [clientcursormon]  connections:0
2016-03-08T00:52:16.726+0300 [clientcursormon] mem (MB) res:44 virt:380
2016-03-08T00:52:16.726+0300 [clientcursormon]  mapped (incl journal view):160
2016-03-08T00:52:16.726+0300 [clientcursormon]  connections:0
2016-03-08T00:57:16.738+0300 [clientcursormon] mem (MB) res:44 virt:380
2016-03-08T00:57:16.738+0300 [clientcursormon]  mapped (incl journal view):160
2016-03-08T00:57:16.738+0300 [clientcursormon]  connections:0
2016-03-08T01:02:16.749+0300 [clientcursormon] mem (MB) res:44 virt:380
2016-03-08T01:02:16.749+0300 [clientcursormon]  mapped (incl journal view):160
2016-03-08T01:02:16.749+0300 [clientcursormon]  connections:0
2016-03-08T01:07:16.759+0300 [clientcursormon] mem (MB) res:44 virt:380
2016-03-08T01:07:16.759+0300 [clientcursormon]  mapped (incl journal view):160
2016-03-08T01:07:16.759+0300 [clientcursormon]  connections:0
2016-03-08T01:12:16.770+0300 [clientcursormon] mem (MB) res:44 virt:380
2016-03-08T01:12:16.770+0300 [clientcursormon]  mapped (incl journal view):160
2016-03-08T01:12:16.770+0300 [clientcursormon]  connections:0
2016-03-08T01:17:16.780+0300 [clientcursormon] mem (MB) res:44 virt:380
2016-03-08T01:17:16.780+0300 [clientcursormon]  mapped (incl journal view):160
2016-03-08T01:17:16.780+0300 [clientcursormon]  connections:0
2016-03-08T01:22:16.790+0300 [clientcursormon] mem (MB) res:44 virt:380
2016-03-08T01:22:16.791+0300 [clientcursormon]  mapped (incl journal view):160
2016-03-08T01:22:16.791+0300 [clientcursormon]  connections:0
2016-03-08T01:27:16.801+0300 [clientcursormon] mem (MB) res:44 virt:380
2016-03-08T01:27:16.801+0300 [clientcursormon]  mapped (incl journal view):160
2016-03-08T01:27:16.801+0300 [clientcursormon]  connections:0
2016-03-08T01:32:16.812+0300 [clientcursormon] mem (MB) res:44 virt:380
2016-03-08T01:32:16.812+0300 [clientcursormon]  mapped (incl journal view):160
2016-03-08T01:32:16.812+0300 [clientcursormon]  connections:0
2016-03-08T01:37:16.826+0300 [clientcursormon] mem (MB) res:44 virt:380
2016-03-08T01:37:16.826+0300 [clientcursormon]  mapped (incl journal view):160
2016-03-08T01:37:16.826+0300 [clientcursormon]  connections:0
2016-03-08T01:42:16.838+0300 [clientcursormon] mem (MB) res:44 virt:380
2016-03-08T01:42:16.838+0300 [clientcursormon]  mapped (incl journal view):160
2016-03-08T01:42:16.838+0300 [clientcursormon]  connections:0
2016-03-08T01:47:16.850+0300 [clientcursormon] mem (MB) res:44 virt:380
2016-03-08T01:47:16.850+0300 [clientcursormon]  mapped (incl journal view):160
2016-03-08T01:47:16.850+0300 [clientcursormon]  connections:0
2016-03-08T01:52:16.863+0300 [clientcursormon] mem (MB) res:44 virt:380
2016-03-08T01:52:16.863+0300 [clientcursormon]  mapped (incl journal view):160
2016-03-08T01:52:16.863+0300 [clientcursormon]  connections:0
2016-03-08T01:57:16.875+0300 [clientcursormon] mem (MB) res:44 virt:380
2016-03-08T01:57:16.875+0300 [clientcursormon]  mapped (incl journal view):160
2016-03-08T01:57:16.875+0300 [clientcursormon]  connections:0
2016-03-08T02:02:16.887+0300 [clientcursormon] mem (MB) res:44 virt:380
2016-03-08T02:02:16.887+0300 [clientcursormon]  mapped (incl journal view):160
2016-03-08T02:02:16.887+0300 [clientcursormon]  connections:0
2016-03-08T02:07:16.900+0300 [clientcursormon] mem (MB) res:44 virt:380
2016-03-08T02:07:16.900+0300 [clientcursormon]  mapped (incl journal view):160
2016-03-08T02:07:16.900+0300 [clientcursormon]  connections:0
2016-03-08T02:12:16.912+0300 [clientcursormon] mem (MB) res:44 virt:380
2016-03-08T02:12:16.913+0300 [clientcursormon]  mapped (incl journal view):160
2016-03-08T02:12:16.913+0300 [clientcursormon]  connections:0
2016-03-08T02:17:16.924+0300 [clientcursormon] mem (MB) res:44 virt:380
2016-03-08T02:17:16.924+0300 [clientcursormon]  mapped (incl journal view):160
2016-03-08T02:17:16.924+0300 [clientcursormon]  connections:0
2016-03-08T02:22:16.936+0300 [clientcursormon] mem (MB) res:44 virt:380
2016-03-08T02:22:16.936+0300 [clientcursormon]  mapped (incl journal view):160
2016-03-08T02:22:16.936+0300 [clientcursormon]  connections:0
2016-03-08T02:27:16.948+0300 [clientcursormon] mem (MB) res:44 virt:380
2016-03-08T02:27:16.948+0300 [clientcursormon]  mapped (incl journal view):160
2016-03-08T02:27:16.948+0300 [clientcursormon]  connections:0
2016-03-08T02:32:16.963+0300 [clientcursormon] mem (MB) res:44 virt:380
2016-03-08T02:32:16.963+0300 [clientcursormon]  mapped (incl journal view):160
2016-03-08T02:32:16.963+0300 [clientcursormon]  connections:0
2016-03-08T02:37:16.974+0300 [clientcursormon] mem (MB) res:44 virt:380
2016-03-08T02:37:16.974+0300 [clientcursormon]  mapped (incl journal view):160
2016-03-08T02:37:16.974+0300 [clientcursormon]  connections:0
2016-03-08T02:42:16.986+0300 [clientcursormon] mem (MB) res:44 virt:380
2016-03-08T02:42:16.986+0300 [clientcursormon]  mapped (incl journal view):160
2016-03-08T02:42:16.986+0300 [clientcursormon]  connections:0
2016-03-08T02:47:16.997+0300 [clientcursormon] mem (MB) res:44 virt:380
2016-03-08T02:47:16.998+0300 [clientcursormon]  mapped (incl journal view):160
2016-03-08T02:47:16.998+0300 [clientcursormon]  connections:0
2016-03-08T02:52:17.011+0300 [clientcursormon] mem (MB) res:44 virt:380
2016-03-08T02:52:17.011+0300 [clientcursormon]  mapped (incl journal view):160
2016-03-08T02:52:17.011+0300 [clientcursormon]  connections:0
2016-03-08T02:57:17.023+0300 [clientcursormon] mem (MB) res:44 virt:380
2016-03-08T02:57:17.023+0300 [clientcursormon]  mapped (incl journal view):160
2016-03-08T02:57:17.023+0300 [clientcursormon]  connections:0
2016-03-08T03:02:17.034+0300 [clientcursormon] mem (MB) res:44 virt:380
2016-03-08T03:02:17.034+0300 [clientcursormon]  mapped (incl journal view):160
2016-03-08T03:02:17.034+0300 [clientcursormon]  connections:0
2016-03-08T03:07:17.047+0300 [clientcursormon] mem (MB) res:44 virt:380
2016-03-08T03:07:17.047+0300 [clientcursormon]  mapped (incl journal view):160
2016-03-08T03:07:17.047+0300 [clientcursormon]  connections:0
2016-03-08T03:12:17.058+0300 [clientcursormon] mem (MB) res:44 virt:380
2016-03-08T03:12:17.058+0300 [clientcursormon]  mapped (incl journal view):160
2016-03-08T03:12:17.058+0300 [clientcursormon]  connections:0
2016-03-08T03:17:17.070+0300 [clientcursormon] mem (MB) res:44 virt:380
2016-03-08T03:17:17.070+0300 [clientcursormon]  mapped (incl journal view):160
2016-03-08T03:17:17.070+0300 [clientcursormon]  connections:0
2016-03-08T03:22:17.081+0300 [clientcursormon] mem (MB) res:44 virt:380
2016-03-08T03:22:17.081+0300 [clientcursormon]  mapped (incl journal view):160
2016-03-08T03:22:17.081+0300 [clientcursormon]  connections:0
2016-03-08T03:27:17.094+0300 [clientcursormon] mem (MB) res:44 virt:380
2016-03-08T03:27:17.095+0300 [clientcursormon]  mapped (incl journal view):160
2016-03-08T03:27:17.095+0300 [clientcursormon]  connections:0
2016-03-08T03:32:17.106+0300 [clientcursormon] mem (MB) res:44 virt:380
2016-03-08T03:32:17.106+0300 [clientcursormon]  mapped (incl journal view):160
2016-03-08T03:32:17.107+0300 [clientcursormon]  connections:0
2016-03-08T03:37:17.139+0300 [clientcursormon] mem (MB) res:44 virt:380
2016-03-08T03:37:17.139+0300 [clientcursormon]  mapped (incl journal view):160
2016-03-08T03:37:17.139+0300 [clientcursormon]  connections:0
2016-03-08T03:42:17.155+0300 [clientcursormon] mem (MB) res:44 virt:380
2016-03-08T03:42:17.156+0300 [clientcursormon]  mapped (incl journal view):160
2016-03-08T03:42:17.156+0300 [clientcursormon]  connections:0
2016-03-08T03:47:17.172+0300 [clientcursormon] mem (MB) res:44 virt:380
2016-03-08T03:47:17.172+0300 [clientcursormon]  mapped (incl journal view):160
2016-03-08T03:47:17.172+0300 [clientcursormon]  connections:0
2016-03-08T03:52:17.183+0300 [clientcursormon] mem (MB) res:44 virt:380
2016-03-08T03:52:17.184+0300 [clientcursormon]  mapped (incl journal view):160
2016-03-08T03:52:17.184+0300 [clientcursormon]  connections:0
2016-03-08T03:57:17.195+0300 [clientcursormon] mem (MB) res:44 virt:380
2016-03-08T03:57:17.195+0300 [clientcursormon]  mapped (incl journal view):160
2016-03-08T03:57:17.195+0300 [clientcursormon]  connections:0
2016-03-08T04:02:17.205+0300 [clientcursormon] mem (MB) res:44 virt:380
2016-03-08T04:02:17.205+0300 [clientcursormon]  mapped (incl journal view):160
2016-03-08T04:02:17.205+0300 [clientcursormon]  connections:0
2016-03-08T04:07:17.217+0300 [clientcursormon] mem (MB) res:44 virt:380
2016-03-08T04:07:17.217+0300 [clientcursormon]  mapped (incl journal view):160
2016-03-08T04:07:17.217+0300 [clientcursormon]  connections:0
2016-03-08T04:12:17.230+0300 [clientcursormon] mem (MB) res:44 virt:380
2016-03-08T04:12:17.230+0300 [clientcursormon]  mapped (incl journal view):160
2016-03-08T04:12:17.230+0300 [clientcursormon]  connections:0
2016-03-08T04:17:17.242+0300 [clientcursormon] mem (MB) res:44 virt:380
2016-03-08T04:17:17.242+0300 [clientcursormon]  mapped (incl journal view):160
2016-03-08T04:17:17.242+0300 [clientcursormon]  connections:0
2016-03-08T04:22:17.252+0300 [clientcursormon] mem (MB) res:44 virt:380
2016-03-08T04:22:17.253+0300 [clientcursormon]  mapped (incl journal view):160
2016-03-08T04:22:17.253+0300 [clientcursormon]  connections:0
2016-03-08T04:27:17.264+0300 [clientcursormon] mem (MB) res:44 virt:380
2016-03-08T04:27:17.264+0300 [clientcursormon]  mapped (incl journal view):160
2016-03-08T04:27:17.264+0300 [clientcursormon]  connections:0
2016-03-08T04:32:17.275+0300 [clientcursormon] mem (MB) res:44 virt:380
2016-03-08T04:32:17.275+0300 [clientcursormon]  mapped (incl journal view):160
2016-03-08T04:32:17.275+0300 [clientcursormon]  connections:0
2016-03-08T04:37:17.288+0300 [clientcursormon] mem (MB) res:44 virt:380
2016-03-08T04:37:17.288+0300 [clientcursormon]  mapped (incl journal view):160
2016-03-08T04:37:17.288+0300 [clientcursormon]  connections:0
2016-03-08T04:42:17.298+0300 [clientcursormon] mem (MB) res:44 virt:380
2016-03-08T04:42:17.298+0300 [clientcursormon]  mapped (incl journal view):160
2016-03-08T04:42:17.299+0300 [clientcursormon]  connections:0
2016-03-08T04:47:17.310+0300 [clientcursormon] mem (MB) res:44 virt:380
2016-03-08T04:47:17.311+0300 [clientcursormon]  mapped (incl journal view):160
2016-03-08T04:47:17.311+0300 [clientcursormon]  connections:0
2016-03-08T04:52:17.322+0300 [clientcursormon] mem (MB) res:44 virt:380
2016-03-08T04:52:17.322+0300 [clientcursormon]  mapped (incl journal view):160
2016-03-08T04:52:17.322+0300 [clientcursormon]  connections:0
2016-03-08T04:57:17.333+0300 [clientcursormon] mem (MB) res:44 virt:380
2016-03-08T04:57:17.333+0300 [clientcursormon]  mapped (incl journal view):160
2016-03-08T04:57:17.333+0300 [clientcursormon]  connections:0
2016-03-08T05:02:17.347+0300 [clientcursormon] mem (MB) res:44 virt:380
2016-03-08T05:02:17.347+0300 [clientcursormon]  mapped (incl journal view):160
2016-03-08T05:02:17.347+0300 [clientcursormon]  connections:0
2016-03-08T05:07:17.360+0300 [clientcursormon] mem (MB) res:44 virt:380
2016-03-08T05:07:17.361+0300 [clientcursormon]  mapped (incl journal view):160
2016-03-08T05:07:17.361+0300 [clientcursormon]  connections:0
2016-03-08T05:12:17.375+0300 [clientcursormon] mem (MB) res:44 virt:380
2016-03-08T05:12:17.375+0300 [clientcursormon]  mapped (incl journal view):160
2016-03-08T05:12:17.375+0300 [clientcursormon]  connections:0
2016-03-08T05:17:17.388+0300 [clientcursormon] mem (MB) res:44 virt:380
2016-03-08T05:17:17.388+0300 [clientcursormon]  mapped (incl journal view):160
2016-03-08T05:17:17.388+0300 [clientcursormon]  connections:0
2016-03-08T05:22:17.403+0300 [clientcursormon] mem (MB) res:44 virt:380
2016-03-08T05:22:17.403+0300 [clientcursormon]  mapped (incl journal view):160
2016-03-08T05:22:17.403+0300 [clientcursormon]  connections:0
2016-03-08T05:27:17.416+0300 [clientcursormon] mem (MB) res:44 virt:380
2016-03-08T05:27:17.416+0300 [clientcursormon]  mapped (incl journal view):160
2016-03-08T05:27:17.416+0300 [clientcursormon]  connections:0
2016-03-08T05:32:17.428+0300 [clientcursormon] mem (MB) res:44 virt:380
2016-03-08T05:32:17.428+0300 [clientcursormon]  mapped (incl journal view):160
2016-03-08T05:32:17.428+0300 [clientcursormon]  connections:0
2016-03-08T05:37:17.441+0300 [clientcursormon] mem (MB) res:44 virt:380
2016-03-08T05:37:17.441+0300 [clientcursormon]  mapped (incl journal view):160
2016-03-08T05:37:17.441+0300 [clientcursormon]  connections:0
2016-03-08T05:42:17.458+0300 [clientcursormon] mem (MB) res:44 virt:380
2016-03-08T05:42:17.459+0300 [clientcursormon]  mapped (incl journal view):160
2016-03-08T05:42:17.459+0300 [clientcursormon]  connections:0
2016-03-08T05:47:17.471+0300 [clientcursormon] mem (MB) res:44 virt:380
2016-03-08T05:47:17.471+0300 [clientcursormon]  mapped (incl journal view):160
2016-03-08T05:47:17.471+0300 [clientcursormon]  connections:0
2016-03-08T05:52:17.484+0300 [clientcursormon] mem (MB) res:44 virt:380
2016-03-08T05:52:17.484+0300 [clientcursormon]  mapped (incl journal view):160
2016-03-08T05:52:17.484+0300 [clientcursormon]  connections:0
2016-03-08T05:57:17.496+0300 [clientcursormon] mem (MB) res:44 virt:380
2016-03-08T05:57:17.496+0300 [clientcursormon]  mapped (incl journal view):160
2016-03-08T05:57:17.496+0300 [clientcursormon]  connections:0
2016-03-08T06:02:17.508+0300 [clientcursormon] mem (MB) res:44 virt:380
2016-03-08T06:02:17.508+0300 [clientcursormon]  mapped (incl journal view):160
2016-03-08T06:02:17.508+0300 [clientcursormon]  connections:0
2016-03-08T06:07:17.520+0300 [clientcursormon] mem (MB) res:44 virt:380
2016-03-08T06:07:17.520+0300 [clientcursormon]  mapped (incl journal view):160
2016-03-08T06:07:17.520+0300 [clientcursormon]  connections:0
2016-03-08T06:12:17.533+0300 [clientcursormon] mem (MB) res:44 virt:380
2016-03-08T06:12:17.533+0300 [clientcursormon]  mapped (incl journal view):160
2016-03-08T06:12:17.533+0300 [clientcursormon]  connections:0
2016-03-08T06:17:17.546+0300 [clientcursormon] mem (MB) res:44 virt:380
2016-03-08T06:17:17.546+0300 [clientcursormon]  mapped (incl journal view):160
2016-03-08T06:17:17.546+0300 [clientcursormon]  connections:0
2016-03-08T06:22:17.560+0300 [clientcursormon] mem (MB) res:44 virt:380
2016-03-08T06:22:17.560+0300 [clientcursormon]  mapped (incl journal view):160
2016-03-08T06:22:17.560+0300 [clientcursormon]  connections:0
2016-03-08T06:27:17.572+0300 [clientcursormon] mem (MB) res:44 virt:380
2016-03-08T06:27:17.572+0300 [clientcursormon]  mapped (incl journal view):160
2016-03-08T06:27:17.573+0300 [clientcursormon]  connections:0
2016-03-08T06:32:17.585+0300 [clientcursormon] mem (MB) res:44 virt:380
2016-03-08T06:32:17.585+0300 [clientcursormon]  mapped (incl journal view):160
2016-03-08T06:32:17.585+0300 [clientcursormon]  connections:0
2016-03-08T06:37:17.597+0300 [clientcursormon] mem (MB) res:44 virt:380
2016-03-08T06:37:17.597+0300 [clientcursormon]  mapped (incl journal view):160
2016-03-08T06:37:17.597+0300 [clientcursormon]  connections:0
2016-03-08T06:42:17.609+0300 [clientcursormon] mem (MB) res:44 virt:380
2016-03-08T06:42:17.609+0300 [clientcursormon]  mapped (incl journal view):160
2016-03-08T06:42:17.609+0300 [clientcursormon]  connections:0
2016-03-08T06:47:17.622+0300 [clientcursormon] mem (MB) res:44 virt:380
2016-03-08T06:47:17.622+0300 [clientcursormon]  mapped (incl journal view):160
2016-03-08T06:47:17.622+0300 [clientcursormon]  connections:0
2016-03-08T06:52:17.634+0300 [clientcursormon] mem (MB) res:44 virt:380
2016-03-08T06:52:17.634+0300 [clientcursormon]  mapped (incl journal view):160
2016-03-08T06:52:17.634+0300 [clientcursormon]  connections:0
2016-03-08T06:57:17.647+0300 [clientcursormon] mem (MB) res:44 virt:380
2016-03-08T06:57:17.647+0300 [clientcursormon]  mapped (incl journal view):160
2016-03-08T06:57:17.647+0300 [clientcursormon]  connections:0
2016-03-08T07:02:17.660+0300 [clientcursormon] mem (MB) res:44 virt:380
2016-03-08T07:02:17.660+0300 [clientcursormon]  mapped (incl journal view):160
2016-03-08T07:02:17.660+0300 [clientcursormon]  connections:0
2016-03-08T07:07:17.671+0300 [clientcursormon] mem (MB) res:44 virt:380
2016-03-08T07:07:17.671+0300 [clientcursormon]  mapped (incl journal view):160
2016-03-08T07:07:17.672+0300 [clientcursormon]  connections:0
2016-03-08T07:12:17.684+0300 [clientcursormon] mem (MB) res:44 virt:380
2016-03-08T07:12:17.684+0300 [clientcursormon]  mapped (incl journal view):160
2016-03-08T07:12:17.684+0300 [clientcursormon]  connections:0
2016-03-08T07:17:17.699+0300 [clientcursormon] mem (MB) res:44 virt:380
2016-03-08T07:17:17.699+0300 [clientcursormon]  mapped (incl journal view):160
2016-03-08T07:17:17.699+0300 [clientcursormon]  connections:0
2016-03-08T07:22:17.711+0300 [clientcursormon] mem (MB) res:44 virt:380
2016-03-08T07:22:17.711+0300 [clientcursormon]  mapped (incl journal view):160
2016-03-08T07:22:17.711+0300 [clientcursormon]  connections:0
2016-03-08T07:27:17.724+0300 [clientcursormon] mem (MB) res:44 virt:380
2016-03-08T07:27:17.724+0300 [clientcursormon]  mapped (incl journal view):160
2016-03-08T07:27:17.725+0300 [clientcursormon]  connections:0
2016-03-08T07:32:17.737+0300 [clientcursormon] mem (MB) res:44 virt:380
2016-03-08T07:32:17.738+0300 [clientcursormon]  mapped (incl journal view):160
2016-03-08T07:32:17.738+0300 [clientcursormon]  connections:0
2016-03-08T07:37:17.754+0300 [clientcursormon] mem (MB) res:44 virt:380
2016-03-08T07:37:17.754+0300 [clientcursormon]  mapped (incl journal view):160
2016-03-08T07:37:17.754+0300 [clientcursormon]  connections:0
2016-03-08T07:42:17.768+0300 [clientcursormon] mem (MB) res:44 virt:380
2016-03-08T07:42:17.768+0300 [clientcursormon]  mapped (incl journal view):160
2016-03-08T07:42:17.768+0300 [clientcursormon]  connections:0
2016-03-08T07:47:17.782+0300 [clientcursormon] mem (MB) res:44 virt:380
2016-03-08T07:47:17.782+0300 [clientcursormon]  mapped (incl journal view):160
2016-03-08T07:47:17.782+0300 [clientcursormon]  connections:0
2016-03-08T07:52:17.796+0300 [clientcursormon] mem (MB) res:44 virt:380
2016-03-08T07:52:17.796+0300 [clientcursormon]  mapped (incl journal view):160
2016-03-08T07:52:17.796+0300 [clientcursormon]  connections:0
2016-03-08T07:57:17.807+0300 [clientcursormon] mem (MB) res:44 virt:380
2016-03-08T07:57:17.807+0300 [clientcursormon]  mapped (incl journal view):160
2016-03-08T07:57:17.807+0300 [clientcursormon]  connections:0
2016-03-08T08:02:17.819+0300 [clientcursormon] mem (MB) res:40 virt:380
2016-03-08T08:02:17.820+0300 [clientcursormon]  mapped (incl journal view):160
2016-03-08T08:02:17.820+0300 [clientcursormon]  connections:0
2016-03-08T08:07:17.846+0300 [clientcursormon] mem (MB) res:39 virt:380
2016-03-08T08:07:17.847+0300 [clientcursormon]  mapped (incl journal view):160
2016-03-08T08:07:17.847+0300 [clientcursormon]  connections:0
2016-03-08T08:12:17.860+0300 [clientcursormon] mem (MB) res:39 virt:380
2016-03-08T08:12:17.860+0300 [clientcursormon]  mapped (incl journal view):160
2016-03-08T08:12:17.861+0300 [clientcursormon]  connections:0
2016-03-08T08:17:17.873+0300 [clientcursormon] mem (MB) res:39 virt:380
2016-03-08T08:17:17.874+0300 [clientcursormon]  mapped (incl journal view):160
2016-03-08T08:17:17.874+0300 [clientcursormon]  connections:0
2016-03-08T08:22:17.886+0300 [clientcursormon] mem (MB) res:39 virt:380
2016-03-08T08:22:17.886+0300 [clientcursormon]  mapped (incl journal view):160
2016-03-08T08:22:17.886+0300 [clientcursormon]  connections:0
2016-03-08T08:27:17.901+0300 [clientcursormon] mem (MB) res:39 virt:380
2016-03-08T08:27:17.902+0300 [clientcursormon]  mapped (incl journal view):160
2016-03-08T08:27:17.902+0300 [clientcursormon]  connections:0
2016-03-08T08:32:17.920+0300 [clientcursormon] mem (MB) res:39 virt:380
2016-03-08T08:32:17.920+0300 [clientcursormon]  mapped (incl journal view):160
2016-03-08T08:32:17.921+0300 [clientcursormon]  connections:0
2016-03-08T08:37:17.934+0300 [clientcursormon] mem (MB) res:31 virt:380
2016-03-08T08:37:17.934+0300 [clientcursormon]  mapped (incl journal view):160
2016-03-08T08:37:17.934+0300 [clientcursormon]  connections:0
2016-03-08T08:42:17.948+0300 [clientcursormon] mem (MB) res:31 virt:380
2016-03-08T08:42:17.949+0300 [clientcursormon]  mapped (incl journal view):160
2016-03-08T08:42:17.949+0300 [clientcursormon]  connections:0
2016-03-08T08:47:17.961+0300 [clientcursormon] mem (MB) res:31 virt:380
2016-03-08T08:47:17.961+0300 [clientcursormon]  mapped (incl journal view):160
2016-03-08T08:47:17.961+0300 [clientcursormon]  connections:0
2016-03-08T08:52:17.974+0300 [clientcursormon] mem (MB) res:31 virt:380
2016-03-08T08:52:17.974+0300 [clientcursormon]  mapped (incl journal view):160
2016-03-08T08:52:17.974+0300 [clientcursormon]  connections:0
2016-03-08T08:57:17.987+0300 [clientcursormon] mem (MB) res:31 virt:380
2016-03-08T08:57:17.987+0300 [clientcursormon]  mapped (incl journal view):160
2016-03-08T08:57:17.987+0300 [clientcursormon]  connections:0
2016-03-08T09:02:18.001+0300 [clientcursormon] mem (MB) res:31 virt:380
2016-03-08T09:02:18.001+0300 [clientcursormon]  mapped (incl journal view):160
2016-03-08T09:02:18.001+0300 [clientcursormon]  connections:0
2016-03-08T09:07:18.013+0300 [clientcursormon] mem (MB) res:31 virt:380
2016-03-08T09:07:18.013+0300 [clientcursormon]  mapped (incl journal view):160
2016-03-08T09:07:18.013+0300 [clientcursormon]  connections:0
2016-03-08T09:12:18.025+0300 [clientcursormon] mem (MB) res:31 virt:380
2016-03-08T09:12:18.025+0300 [clientcursormon]  mapped (incl journal view):160
2016-03-08T09:12:18.025+0300 [clientcursormon]  connections:0
2016-03-08T09:17:18.037+0300 [clientcursormon] mem (MB) res:31 virt:380
2016-03-08T09:17:18.037+0300 [clientcursormon]  mapped (incl journal view):160
2016-03-08T09:17:18.037+0300 [clientcursormon]  connections:0
2016-03-08T09:22:18.050+0300 [clientcursormon] mem (MB) res:31 virt:380
2016-03-08T09:22:18.050+0300 [clientcursormon]  mapped (incl journal view):160
2016-03-08T09:22:18.051+0300 [clientcursormon]  connections:0
2016-03-08T09:27:18.063+0300 [clientcursormon] mem (MB) res:31 virt:380
2016-03-08T09:27:18.063+0300 [clientcursormon]  mapped (incl journal view):160
2016-03-08T09:27:18.063+0300 [clientcursormon]  connections:0
2016-03-08T09:32:18.077+0300 [clientcursormon] mem (MB) res:31 virt:380
2016-03-08T09:32:18.077+0300 [clientcursormon]  mapped (incl journal view):160
2016-03-08T09:32:18.077+0300 [clientcursormon]  connections:0
2016-03-08T09:37:18.089+0300 [clientcursormon] mem (MB) res:31 virt:380
2016-03-08T09:37:18.089+0300 [clientcursormon]  mapped (incl journal view):160
2016-03-08T09:37:18.089+0300 [clientcursormon]  connections:0
2016-03-08T09:42:18.100+0300 [clientcursormon] mem (MB) res:31 virt:380
2016-03-08T09:42:18.100+0300 [clientcursormon]  mapped (incl journal view):160
2016-03-08T09:42:18.100+0300 [clientcursormon]  connections:0
2016-03-08T09:47:18.127+0300 [clientcursormon] mem (MB) res:31 virt:380
2016-03-08T09:47:18.127+0300 [clientcursormon]  mapped (incl journal view):160
2016-03-08T09:47:18.127+0300 [clientcursormon]  connections:0
2016-03-08T09:52:18.140+0300 [clientcursormon] mem (MB) res:31 virt:380
2016-03-08T09:52:18.140+0300 [clientcursormon]  mapped (incl journal view):160
2016-03-08T09:52:18.140+0300 [clientcursormon]  connections:0
2016-03-08T09:57:18.151+0300 [clientcursormon] mem (MB) res:31 virt:380
2016-03-08T09:57:18.151+0300 [clientcursormon]  mapped (incl journal view):160
2016-03-08T09:57:18.151+0300 [clientcursormon]  connections:0
2016-03-08T10:02:18.164+0300 [clientcursormon] mem (MB) res:31 virt:380
2016-03-08T10:02:18.164+0300 [clientcursormon]  mapped (incl journal view):160
2016-03-08T10:02:18.164+0300 [clientcursormon]  connections:0
2016-03-08T10:07:18.175+0300 [clientcursormon] mem (MB) res:31 virt:380
2016-03-08T10:07:18.175+0300 [clientcursormon]  mapped (incl journal view):160
2016-03-08T10:07:18.175+0300 [clientcursormon]  connections:0
2016-03-08T10:12:18.186+0300 [clientcursormon] mem (MB) res:31 virt:380
2016-03-08T10:12:18.187+0300 [clientcursormon]  mapped (incl journal view):160
2016-03-08T10:12:18.187+0300 [clientcursormon]  connections:0
2016-03-08T10:17:18.200+0300 [clientcursormon] mem (MB) res:31 virt:380
2016-03-08T10:17:18.200+0300 [clientcursormon]  mapped (incl journal view):160
2016-03-08T10:17:18.200+0300 [clientcursormon]  connections:0
2016-03-08T10:22:18.212+0300 [clientcursormon] mem (MB) res:31 virt:380
2016-03-08T10:22:18.212+0300 [clientcursormon]  mapped (incl journal view):160
2016-03-08T10:22:18.212+0300 [clientcursormon]  connections:0
2016-03-08T10:27:18.223+0300 [clientcursormon] mem (MB) res:31 virt:380
2016-03-08T10:27:18.224+0300 [clientcursormon]  mapped (incl journal view):160
2016-03-08T10:27:18.224+0300 [clientcursormon]  connections:0
2016-03-08T10:32:18.235+0300 [clientcursormon] mem (MB) res:31 virt:380
2016-03-08T10:32:18.235+0300 [clientcursormon]  mapped (incl journal view):160
2016-03-08T10:32:18.235+0300 [clientcursormon]  connections:0
2016-03-08T10:37:18.247+0300 [clientcursormon] mem (MB) res:31 virt:380
2016-03-08T10:37:18.248+0300 [clientcursormon]  mapped (incl journal view):160
2016-03-08T10:37:18.248+0300 [clientcursormon]  connections:0
2016-03-08T10:42:18.259+0300 [clientcursormon] mem (MB) res:31 virt:380
2016-03-08T10:42:18.259+0300 [clientcursormon]  mapped (incl journal view):160
2016-03-08T10:42:18.259+0300 [clientcursormon]  connections:0
2016-03-08T10:47:18.270+0300 [clientcursormon] mem (MB) res:31 virt:380
2016-03-08T10:47:18.270+0300 [clientcursormon]  mapped (incl journal view):160
2016-03-08T10:47:18.270+0300 [clientcursormon]  connections:0
2016-03-08T10:52:18.286+0300 [clientcursormon] mem (MB) res:31 virt:380
2016-03-08T10:52:18.286+0300 [clientcursormon]  mapped (incl journal view):160
2016-03-08T10:52:18.286+0300 [clientcursormon]  connections:0
2016-03-08T10:57:18.298+0300 [clientcursormon] mem (MB) res:31 virt:380
2016-03-08T10:57:18.298+0300 [clientcursormon]  mapped (incl journal view):160
2016-03-08T10:57:18.299+0300 [clientcursormon]  connections:0
2016-03-08T11:02:18.312+0300 [clientcursormon] mem (MB) res:31 virt:380
2016-03-08T11:02:18.312+0300 [clientcursormon]  mapped (incl journal view):160
2016-03-08T11:02:18.312+0300 [clientcursormon]  connections:0
2016-03-08T11:07:18.324+0300 [clientcursormon] mem (MB) res:31 virt:380
2016-03-08T11:07:18.325+0300 [clientcursormon]  mapped (incl journal view):160
2016-03-08T11:07:18.325+0300 [clientcursormon]  connections:0
2016-03-08T11:12:18.336+0300 [clientcursormon] mem (MB) res:31 virt:380
2016-03-08T11:12:18.336+0300 [clientcursormon]  mapped (incl journal view):160
2016-03-08T11:12:18.336+0300 [clientcursormon]  connections:0
2016-03-08T11:17:18.348+0300 [clientcursormon] mem (MB) res:31 virt:380
2016-03-08T11:17:18.348+0300 [clientcursormon]  mapped (incl journal view):160
2016-03-08T11:17:18.348+0300 [clientcursormon]  connections:0
2016-03-08T11:22:18.359+0300 [clientcursormon] mem (MB) res:31 virt:380
2016-03-08T11:22:18.359+0300 [clientcursormon]  mapped (incl journal view):160
2016-03-08T11:22:18.359+0300 [clientcursormon]  connections:0
2016-03-08T11:27:18.371+0300 [clientcursormon] mem (MB) res:31 virt:380
2016-03-08T11:27:18.371+0300 [clientcursormon]  mapped (incl journal view):160
2016-03-08T11:27:18.371+0300 [clientcursormon]  connections:0
2016-03-08T11:32:18.382+0300 [clientcursormon] mem (MB) res:31 virt:380
2016-03-08T11:32:18.382+0300 [clientcursormon]  mapped (incl journal view):160
2016-03-08T11:32:18.383+0300 [clientcursormon]  connections:0
2016-03-08T11:37:18.395+0300 [clientcursormon] mem (MB) res:31 virt:380
2016-03-08T11:37:18.395+0300 [clientcursormon]  mapped (incl journal view):160
2016-03-08T11:37:18.395+0300 [clientcursormon]  connections:0
2016-03-08T11:42:18.407+0300 [clientcursormon] mem (MB) res:31 virt:380
2016-03-08T11:42:18.407+0300 [clientcursormon]  mapped (incl journal view):160
2016-03-08T11:42:18.407+0300 [clientcursormon]  connections:0
2016-03-08T11:47:18.420+0300 [clientcursormon] mem (MB) res:31 virt:380
2016-03-08T11:47:18.420+0300 [clientcursormon]  mapped (incl journal view):160
2016-03-08T11:47:18.420+0300 [clientcursormon]  connections:0
2016-03-08T11:52:18.431+0300 [clientcursormon] mem (MB) res:31 virt:380
2016-03-08T11:52:18.431+0300 [clientcursormon]  mapped (incl journal view):160
2016-03-08T11:52:18.431+0300 [clientcursormon]  connections:0
2016-03-08T11:57:18.447+0300 [clientcursormon] mem (MB) res:31 virt:380
2016-03-08T11:57:18.447+0300 [clientcursormon]  mapped (incl journal view):160
2016-03-08T11:57:18.447+0300 [clientcursormon]  connections:0
2016-03-08T12:02:18.459+0300 [clientcursormon] mem (MB) res:31 virt:380
2016-03-08T12:02:18.459+0300 [clientcursormon]  mapped (incl journal view):160
2016-03-08T12:02:18.459+0300 [clientcursormon]  connections:0
2016-03-08T12:07:18.471+0300 [clientcursormon] mem (MB) res:31 virt:380
2016-03-08T12:07:18.472+0300 [clientcursormon]  mapped (incl journal view):160
2016-03-08T12:07:18.472+0300 [clientcursormon]  connections:0
2016-03-08T12:12:18.484+0300 [clientcursormon] mem (MB) res:31 virt:380
2016-03-08T12:12:18.484+0300 [clientcursormon]  mapped (incl journal view):160
2016-03-08T12:12:18.484+0300 [clientcursormon]  connections:0
2016-03-08T12:17:18.496+0300 [clientcursormon] mem (MB) res:31 virt:380
2016-03-08T12:17:18.497+0300 [clientcursormon]  mapped (incl journal view):160
2016-03-08T12:17:18.497+0300 [clientcursormon]  connections:0
2016-03-08T12:22:18.510+0300 [clientcursormon] mem (MB) res:31 virt:380
2016-03-08T12:22:18.510+0300 [clientcursormon]  mapped (incl journal view):160
2016-03-08T12:22:18.510+0300 [clientcursormon]  connections:0
2016-03-08T12:27:18.522+0300 [clientcursormon] mem (MB) res:31 virt:380
2016-03-08T12:27:18.522+0300 [clientcursormon]  mapped (incl journal view):160
2016-03-08T12:27:18.522+0300 [clientcursormon]  connections:0
2016-03-08T12:32:18.536+0300 [clientcursormon] mem (MB) res:31 virt:380
2016-03-08T12:32:18.536+0300 [clientcursormon]  mapped (incl journal view):160
2016-03-08T12:32:18.536+0300 [clientcursormon]  connections:0
2016-03-08T12:37:18.547+0300 [clientcursormon] mem (MB) res:31 virt:380
2016-03-08T12:37:18.547+0300 [clientcursormon]  mapped (incl journal view):160
2016-03-08T12:37:18.547+0300 [clientcursormon]  connections:0
2016-03-08T12:42:18.559+0300 [clientcursormon] mem (MB) res:31 virt:380
2016-03-08T12:42:18.559+0300 [clientcursormon]  mapped (incl journal view):160
2016-03-08T12:42:18.559+0300 [clientcursormon]  connections:0
2016-03-08T12:47:18.571+0300 [clientcursormon] mem (MB) res:31 virt:380
2016-03-08T12:47:18.571+0300 [clientcursormon]  mapped (incl journal view):160
2016-03-08T12:47:18.571+0300 [clientcursormon]  connections:0
2016-03-08T12:52:18.583+0300 [clientcursormon] mem (MB) res:31 virt:380
2016-03-08T12:52:18.583+0300 [clientcursormon]  mapped (incl journal view):160
2016-03-08T12:52:18.583+0300 [clientcursormon]  connections:0
2016-03-08T12:57:18.595+0300 [clientcursormon] mem (MB) res:31 virt:380
2016-03-08T12:57:18.595+0300 [clientcursormon]  mapped (incl journal view):160
2016-03-08T12:57:18.595+0300 [clientcursormon]  connections:0
2016-03-08T13:02:18.607+0300 [clientcursormon] mem (MB) res:31 virt:380
2016-03-08T13:02:18.607+0300 [clientcursormon]  mapped (incl journal view):160
2016-03-08T13:02:18.607+0300 [clientcursormon]  connections:0
2016-03-08T13:07:18.618+0300 [clientcursormon] mem (MB) res:31 virt:380
2016-03-08T13:07:18.618+0300 [clientcursormon]  mapped (incl journal view):160
2016-03-08T13:07:18.618+0300 [clientcursormon]  connections:0
2016-03-08T13:12:18.631+0300 [clientcursormon] mem (MB) res:31 virt:380
2016-03-08T13:12:18.631+0300 [clientcursormon]  mapped (incl journal view):160
2016-03-08T13:12:18.631+0300 [clientcursormon]  connections:0
2016-03-08T13:15:51.247+0300 [initandlisten] connection accepted from 127.0.0.1:57290 #5 (1 connection now open)
2016-03-08T13:15:56.194+0300 [conn5] end connection 127.0.0.1:57290 (0 connections now open)
2016-03-08T13:17:18.644+0300 [clientcursormon] mem (MB) res:32 virt:380
2016-03-08T13:17:18.644+0300 [clientcursormon]  mapped (incl journal view):160
2016-03-08T13:17:18.644+0300 [clientcursormon]  connections:0
2016-03-08T13:17:59.661+0300 [initandlisten] connection accepted from 127.0.0.1:57364 #6 (1 connection now open)
2016-03-08T13:18:08.713+0300 [conn6] end connection 127.0.0.1:57364 (0 connections now open)
2016-03-08T13:22:18.658+0300 [clientcursormon] mem (MB) res:32 virt:380
2016-03-08T13:22:18.658+0300 [clientcursormon]  mapped (incl journal view):160
2016-03-08T13:22:18.658+0300 [clientcursormon]  connections:0
2016-03-08T13:24:22.165+0300 [initandlisten] connection accepted from 127.0.0.1:57426 #7 (1 connection now open)
2016-03-08T13:24:22.165+0300 [conn7] end connection 127.0.0.1:57426 (0 connections now open)
2016-03-08T13:24:22.165+0300 [initandlisten] connection accepted from 127.0.0.1:57428 #8 (2 connections now open)
2016-03-08T13:24:22.168+0300 [initandlisten] connection accepted from 127.0.0.1:57430 #9 (2 connections now open)
2016-03-08T13:24:22.360+0300 [conn9] allocating new ns file /home/hoofoo/projects/metatracker/dev/mongo/metatracker_development.ns, filling with zeroes...
2016-03-08T13:24:22.844+0300 [FileAllocator] allocating new datafile /home/hoofoo/projects/metatracker/dev/mongo/metatracker_development.0, filling with zeroes...
2016-03-08T13:24:22.844+0300 [FileAllocator] creating directory /home/hoofoo/projects/metatracker/dev/mongo/_tmp
2016-03-08T13:24:22.951+0300 [FileAllocator] done allocating datafile /home/hoofoo/projects/metatracker/dev/mongo/metatracker_development.0, size: 64MB,  took 0.045 secs
2016-03-08T13:24:22.988+0300 [conn9] build index on: metatracker_development.torrents properties: { v: 1, key: { _id: 1 }, name: "_id_", ns: "metatracker_development.torrents" }
2016-03-08T13:24:22.994+0300 [conn9] 	 added index to empty collection
2016-03-08T13:24:23.044+0300 [conn9] insert metatracker_development.torrents query: { _id: ObjectId('56dea856ee6a6739d91f0932'), title: "Hello", description: "World", href: "http://www.ru/", category: "kek", magnet: "mgnt" } ninserted:1 keyUpdates:0 numYields:0 locks(micros) w:782390 811ms
2016-03-08T13:24:23.045+0300 [conn9] command metatracker_development.$cmd command: insert { insert: "torrents", documents: [ { _id: ObjectId('56dea856ee6a6739d91f0932'), title: "Hello", description: "World", href: "http://www.ru/", category: "kek", magnet: "mgnt" } ], ordered: true } keyUpdates:0 numYields:0 locks(micros) w:106 reslen:40 855ms
2016-03-08T13:25:18.665+0300 [clientcursormon] mem (MB) res:33 virt:542
2016-03-08T13:25:18.665+0300 [clientcursormon]  mapped (incl journal view):320
2016-03-08T13:25:18.665+0300 [clientcursormon]  connections:2
2016-03-08T13:30:18.679+0300 [clientcursormon] mem (MB) res:33 virt:542
2016-03-08T13:30:18.679+0300 [clientcursormon]  mapped (incl journal view):320
2016-03-08T13:30:18.679+0300 [clientcursormon]  connections:2
2016-03-08T13:35:18.691+0300 [clientcursormon] mem (MB) res:32 virt:542
2016-03-08T13:35:18.691+0300 [clientcursormon]  mapped (incl journal view):320
2016-03-08T13:35:18.691+0300 [clientcursormon]  connections:2
2016-03-08T13:40:18.703+0300 [clientcursormon] mem (MB) res:25 virt:542
2016-03-08T13:40:18.704+0300 [clientcursormon]  mapped (incl journal view):320
2016-03-08T13:40:18.704+0300 [clientcursormon]  connections:2
2016-03-08T13:40:39.430+0300 [initandlisten] connection accepted from 127.0.0.1:58078 #10 (3 connections now open)
2016-03-08T13:40:39.430+0300 [initandlisten] connection accepted from 127.0.0.1:58080 #11 (4 connections now open)
2016-03-08T13:40:39.483+0300 [initandlisten] connection accepted from 127.0.0.1:58082 #12 (5 connections now open)
2016-03-08T13:40:39.492+0300 [conn10] end connection 127.0.0.1:58078 (4 connections now open)
2016-03-08T13:45:18.716+0300 [clientcursormon] mem (MB) res:24 virt:545
2016-03-08T13:45:18.716+0300 [clientcursormon]  mapped (incl journal view):320
2016-03-08T13:45:18.716+0300 [clientcursormon]  connections:4
2016-03-08T13:50:18.728+0300 [clientcursormon] mem (MB) res:22 virt:545
2016-03-08T13:50:18.741+0300 [clientcursormon]  mapped (incl journal view):320
2016-03-08T13:50:18.741+0300 [clientcursormon]  connections:4
2016-03-08T13:55:18.753+0300 [clientcursormon] mem (MB) res:20 virt:545
2016-03-08T13:55:18.754+0300 [clientcursormon]  mapped (incl journal view):320
2016-03-08T13:55:18.754+0300 [clientcursormon]  connections:4
2016-03-08T14:00:18.767+0300 [clientcursormon] mem (MB) res:20 virt:545
2016-03-08T14:00:18.767+0300 [clientcursormon]  mapped (incl journal view):320
2016-03-08T14:00:18.767+0300 [clientcursormon]  connections:4
